<?xml version="1.0" encoding="UTF-8" ?>
<testsuite tests="15" failures="1" name="validationFormationTest" time="0.24" errors="0" skipped="0">
  <properties>
[...]
</properties>
  <testcase classname="validationFormationTest" name="validationFormationTest.testdateIntervallesInferieureMin" time="0.067"/>
  <testcase classname="validationFormationTest" name="validationFormationTest.testdateIntervallesBonFormat" time="0"/>
  <testcase classname="validationFormationTest" name="validationFormationTest.testdateIntervallesMois" time="0.001"/>
  <testcase classname="validationFormationTest" name="validationFormationTest.testdateIntervallesVrai" time="0.003"/>
  <testcase classname="validationFormationTest" name="validationFormationTest.testdateIntervallesVide" time="0.001"/>
  <testcase classname="validationFormationTest" name="validationFormationTest.testestActivitesValides" time="0.152"/>
  <testcase classname="validationFormationTest" name="validationFormationTest.testestActivitesValidesFaux" time="0"/>
  <testcase classname="validationFormationTest" name="validationFormationTest.testheureCYclePrecedentVraiAutreOrdreFaux" time="0.011">
    <failure message="expected: &lt;false&gt; but was: &lt;true&gt;" type="org.opentest4j.AssertionFailedError">org.opentest4j.AssertionFailedError: expected: &lt;false&gt; but was: &lt;true&gt;
	at org.junit.jupiter.api.AssertionUtils.fail(AssertionUtils.java:55)
	at org.junit.jupiter.api.AssertFalse.assertFalse(AssertFalse.java:40)
	at org.junit.jupiter.api.AssertFalse.assertFalse(AssertFalse.java:35)
	at org.junit.jupiter.api.Assertions.assertFalse(Assertions.java:210)
	at validationFormationTest.testheureCYclePrecedentVraiAutreOrdreFaux(validationFormationTest.java:113)
</failure>
  </testcase>
  <testcase classname="validationFormationTest" name="validationFormationTest.testheureCYclePrecedentVraiAutreOrdre" time="0"/>
  <testcase classname="validationFormationTest" name="validationFormationTest.testheureCYclePrecedentFauxArchitecte" time="0.002"/>
  <testcase classname="validationFormationTest" name="validationFormationTest.testheureCYclePrecedentVraiArchitecte" time="0.002"/>
  <testcase classname="validationFormationTest" name="validationFormationTest.testEst_categorie_valide" time="0"/>
  <testcase classname="validationFormationTest" name="validationFormationTest.testEst_categorie_nonfvalide" time="0"/>
  <testcase classname="validationFormationTest" name="validationFormationTest.testEst_categorie_non_valide_vide" time="0"/>
  <testcase classname="validationFormationTest" name="validationFormationTest.testdateIntervallesDepasseMax" time="0.001"/>
</testsuite>